<?xml version="1.0" encoding="UTF-8"?>
<testng-results skipped="0" failed="0" ignored="0" total="1" passed="1">
  <reporter-output>
    <line>
      <![CDATA[Step Description--> <B><u>StepNumber-</u>1<i><Font Color = /'#00008B/'> Executing : CreateMonefyHome </Font></i></B>]]>
    </line>
    <line>
      <![CDATA[Step Description--> Monefy Home Label is-Monefy]]>
    </line>
    <line>
      <![CDATA[Step Description--> First income suarce is-Cash]]>
    </line>
    <line>
      <![CDATA[Step Description--> First income suarce is-Payment card]]>
    </line>
    <line>
      <![CDATA[Test Scenario has been passed]]>
    </line>
  </reporter-output>
  <suite name="SpiritZone" duration-ms="32752" started-at="2021-12-01T18:16:34Z" finished-at="2021-12-01T18:17:07Z">
    <groups>
    </groups>
    <test name="Charter_003" duration-ms="32752" started-at="2021-12-01T18:16:34Z" finished-at="2021-12-01T18:17:07Z">
      <class name="com.spiritzone.AutomationDriverScript">
        <test-method status="PASS" signature="scriptExecutioner(java.lang.String, java.lang.String, java.lang.String, java.lang.String)[pri:0, instance:com.spiritzone.AutomationDriverScript@32502377]" name="scriptExecutioner" duration-ms="29865" started-at="2021-12-01T18:16:34Z" finished-at="2021-12-01T18:17:04Z">
          <params>
            <param index="0">
              <value>
                <![CDATA[Charter_003]]>
              </value>
            </param>
            <param index="1">
              <value>
                <![CDATA[CreateMonefyHome]]>
              </value>
            </param>
            <param index="2">
              <value>
                <![CDATA[Paresh]]>
              </value>
            </param>
            <param index="3">
              <value>
                <![CDATA[Validate category to add income]]>
              </value>
            </param>
          </params>
          <reporter-output>
            <line>
              <![CDATA[Step Description--> <B><u>StepNumber-</u>1<i><Font Color = /'#00008B/'> Executing : CreateMonefyHome </Font></i></B>]]>
            </line>
            <line>
              <![CDATA[Step Description--> Monefy Home Label is-Monefy]]>
            </line>
            <line>
              <![CDATA[Step Description--> First income suarce is-Cash]]>
            </line>
            <line>
              <![CDATA[Step Description--> First income suarce is-Payment card]]>
            </line>
            <line>
              <![CDATA[Test Scenario has been passed]]>
            </line>
          </reporter-output>
        </test-method> <!-- scriptExecutioner -->
        <test-method status="PASS" signature="quitDriver()[pri:0, instance:com.spiritzone.AutomationDriverScript@32502377]" name="quitDriver" is-config="true" duration-ms="374" started-at="2021-12-01T18:17:07Z" finished-at="2021-12-01T18:17:07Z">
          <reporter-output>
          </reporter-output>
        </test-method> <!-- quitDriver -->
        <test-method status="PASS" signature="afterSuite()[pri:0, instance:com.spiritzone.AutomationDriverScript@32502377]" name="afterSuite" is-config="true" duration-ms="2" started-at="2021-12-01T18:17:12Z" finished-at="2021-12-01T18:17:12Z">
          <reporter-output>
          </reporter-output>
        </test-method> <!-- afterSuite -->
      </class> <!-- com.spiritzone.AutomationDriverScript -->
    </test> <!-- Charter_003 -->
  </suite> <!-- SpiritZone -->
</testng-results>
